This is TeX, Version 3.1415 (C version 6.1) (format=latex 95.1.19)  22 JUN 1996 19:01
**images.tex
(images.tex
LaTeX2e <1994/12/01> patch level 1

(/uns/tex/lib/texmf/tex/latex2e/base/latex209.def
File: latex209.def 1994/11/28 v0.39 Standard LaTeX file
Entering LaTeX 2.09 compatibility mode.
\footheight=\dimen102
\@maxsep=\dimen103
\@dblmaxsep=\dimen104
(/uns/tex/lib/texmf/tex/latex2e/base/tracefnt.sty
Package: tracefnt 1994/11/18 v2.3m Standard LaTeX package (font tracing)
\tracingfonts=\count82
LaTeX Info: Redefining \selectfont on input line 101.
)
\symbold=\mathgroup4
\symsans=\mathgroup5
\symtypewriter=\mathgroup6
\symitalic=\mathgroup7
\symsmallcaps=\mathgroup8
\symslanted=\mathgroup9
LaTeX Font Info:    Redeclaring math alphabet \mathbf on input line 200.
LaTeX Font Info:    Redeclaring math alphabet \mathsf on input line 201.
LaTeX Font Info:    Redeclaring math alphabet \mathtt on input line 202.
LaTeX Font Info:    Redeclaring math alphabet \mathit on input line 208.
LaTeX Info: Redefining \em on input line 218.
(/uns/tex/lib/texmf/tex/latex2e/base/latexsym.sty
Package: latexsym 1994/09/25 v2.1f Standard LaTeX package (lasy symbols)
\symlasy=\mathgroup10
LaTeX Font Info:    Overwriting symbol font `lasy' in version `bold'
(Font)                  U/lasy/m/n --> U/lasy/b/n on input line 47.
)
LaTeX Font Info:    Redeclaring math delimiter \lgroup on input line 283.
LaTeX Font Info:    Redeclaring math delimiter \rgroup on input line 285.
LaTeX Font Info:    Redeclaring math delimiter \bracevert on input line 287.
) (/uns/tex/lib/texmf/tex/latex2e/base/article.cls
Document Class: article 1994/12/09 v1.2x Standard LaTeX document class
(/uns/tex/lib/texmf/tex/latex2e/base/size11.clo
File: size11.clo 1994/12/09 v1.2x Standard LaTeX file (size option)
)
\c@part=\count83
\c@section=\count84
\c@subsection=\count85
\c@subsubsection=\count86
\c@paragraph=\count87
\c@subparagraph=\count88
\c@figure=\count89
\c@table=\count90
\abovecaptionskip=\skip41
\belowcaptionskip=\skip42
Compatibility mode: definition of \rm ignored.
Compatibility mode: definition of \sf ignored.
Compatibility mode: definition of \tt ignored.
Compatibility mode: definition of \bf ignored.
Compatibility mode: definition of \it ignored.
Compatibility mode: definition of \sl ignored.
Compatibility mode: definition of \sc ignored.
LaTeX Info: Redefining \cal on input line 455.
LaTeX Info: Redefining \mit on input line 456.
\bibindent=\dimen105
) (/uns/tex/lib/texmf/tex/latex2e/compat/psfig.sty (/uns/tex/lib/texmf/tex/late
x2e/graphics/graphics.sty
Package: graphics 1994/12/15 v0.6c Standard LaTeX Graphics (DPC,SPQR)
(/uns/tex/lib/texmf/tex/latex2e/graphics/trig.sty
Package: trig 1994/10/16 v1.08 sin cos tan (DPC)
) (/uns/tex/lib/texmf/tex/latex2e/graphics/graphics.cfg)
Package graphics Info: Driver file: dvips.def on input line 88.
(/uns/tex/lib/texmf/tex/latex2e/graphics/dvips.def
File: dvips.def 1994/12/12 v2.6 Driver-dependant file (DPC,SPQR)
))
\psfc@a=\count91
\psfc@b=\count92
\psfc@c=\count93
\psfc@d=\count94
\psfc@e=\count95
\psfc@f=\count96
\psfc@g=\count97
\psfc@h=\count98
\psfc@i=\count99
\psfc@j=\count100
\psscale@count=\count101
\psfigtoks@=\toks14
\psfig@dimen=\dimen106
\@unused=\write3
psfig/LaTeX 2e compatibility--not perfect
)

! LaTeX Error: File `here.sty' not found.

Type X to quit or <RETURN> to proceed,
or enter new name. (Default extension: sty)

Enter file name: 
! Emergency stop.
<read *> 
         
l.3 \title
          {Strands}^^M
*** (cannot \read from terminal in nonstop modes)

 
Here is how much of TeX's memory you used:
 585 strings out of 10950
 5882 string characters out of 73442
 50859 words of memory out of 262141
 3463 multiletter control sequences out of 9500
 3940 words of font info for 15 fonts, out of 100000 for 255
 14 hyphenation exceptions out of 607
 27i,0n,21p,178b,37s stack positions out of 300i,40n,60p,3000b,4000s
No pages of output.
